<?xml version="1.0" encoding="UTF-8"?>
<!-- Generated by org.testng.reporters.JUnitReportReporter -->
<testsuite hostname="SoumyaRaj" failures="0" tests="2" name="stepDefinitions.TestNGRunner" time="0.143" errors="0" timestamp="2024-08-23T09:57:27 IST" skipped="0">
  <testcase classname="stepDefinitions.TestNGRunner" name="runScenario" time="0.028"/>
  <testcase classname="stepDefinitions.TestNGRunner" name="runScenario" time="0.115"/>
</testsuite> <!-- stepDefinitions.TestNGRunner -->
