<?xml version="1.0" encoding="UTF-8"?>
<!-- Generated by org.testng.reporters.JUnitReportReporter -->
<testsuite hostname="SoumyaRaj" failures="0" tests="2" name="CucumberRunner.TestNGRunner" time="0.156" errors="0" timestamp="2024-08-23T09:57:51 IST" skipped="0">
  <testcase classname="CucumberRunner.TestNGRunner" name="runScenario" time="0.125"/>
  <testcase classname="CucumberRunner.TestNGRunner" name="runScenario" time="0.031"/>
</testsuite> <!-- CucumberRunner.TestNGRunner -->
